<?xml version="1.0" encoding="UTF-8"?>
<!-- Generated by org.testng.reporters.JUnitReportReporter -->
<testsuite skipped="0" hostname="SYS650" name="TestNG.DemoNewTest" tests="2" failures="0" timestamp="20 Feb 2019 10:33:21 GMT" time="11.467" errors="0">
  <testcase name="l" time="0.007" classname="TestNG.DemoNewTest"/>
  <testcase name="Login" time="11.460" classname="TestNG.DemoNewTest"/>
</testsuite> <!-- TestNG.DemoNewTest -->
